<?xml version="1.0" encoding="UTF-8"?>
<coverage generated="1733110264020" clover="3.2.0">
  <project timestamp="1733110264021" name="All files">
    <metrics statements="5" coveredstatements="5" conditionals="0" coveredconditionals="0" methods="2" coveredmethods="2" elements="7" coveredelements="7" complexity="0" loc="5" ncloc="5" packages="2" files="3" classes="3"/>
    <package name="src">
      <metrics statements="1" coveredstatements="1" conditionals="0" coveredconditionals="0" methods="0" coveredmethods="0"/>
      <file name="main.tsx" path="C:\Users\USER\Desktop\Task7\src\main.tsx">
        <metrics statements="1" coveredstatements="1" conditionals="0" coveredconditionals="0" methods="0" coveredmethods="0"/>
        <line num="6" count="1" type="stmt"/>
      </file>
    </package>
    <package name="src.components">
      <metrics statements="4" coveredstatements="4" conditionals="0" coveredconditionals="0" methods="2" coveredmethods="2"/>
      <file name="Footer.tsx" path="C:\Users\USER\Desktop\Task7\src\components\Footer.tsx">
        <metrics statements="2" coveredstatements="2" conditionals="0" coveredconditionals="0" methods="1" coveredmethods="1"/>
        <line num="1" count="1" type="stmt"/>
        <line num="2" count="2" type="stmt"/>
      </file>
      <file name="Navbar.tsx" path="C:\Users\USER\Desktop\Task7\src\components\Navbar.tsx">
        <metrics statements="2" coveredstatements="2" conditionals="0" coveredconditionals="0" methods="1" coveredmethods="1"/>
        <line num="3" count="1" type="stmt"/>
        <line num="4" count="2" type="stmt"/>
      </file>
    </package>
  </project>
</coverage>
