{"C:\\Users\\USER\\Desktop\\Task7 - Copy\\src\\main.tsx": {"path":"C:\\Users\\USER\\Desktop\\Task7 - Copy\\src\\main.tsx","statementMap":{"0":{"start":{"line":6,"column":0},"end":{"line":10,"column":2}}},"fnMap":{},"branchMap":{},"s":{"0":1},"f":{},"b":{},"_coverageSchema":"1a1c01bbd47fc00a2c39e90264f33305004495a9","hash":"71bdbccf01498ea443062b467001cd61361df8e6"}
,"C:\\Users\\USER\\Desktop\\Task7 - Copy\\src\\components\\Footer.tsx": {"path":"C:\\Users\\USER\\Desktop\\Task7 - Copy\\src\\components\\Footer.tsx","statementMap":{"0":{"start":{"line":1,"column":25},"end":{"line":7,"column":3}},"1":{"start":{"line":2,"column":4},"end":{"line":6,"column":6}}},"fnMap":{"0":{"name":"(anonymous_0)","decl":{"start":{"line":1,"column":25},"end":{"line":1,"column":26}},"loc":{"start":{"line":1,"column":31},"end":{"line":7,"column":3}},"line":1}},"branchMap":{},"s":{"0":1,"1":2},"f":{"0":2},"b":{},"_coverageSchema":"1a1c01bbd47fc00a2c39e90264f33305004495a9","hash":"2529bd2132ad2ebd938ea44182529b11ff72f824"}
,"C:\\Users\\USER\\Desktop\\Task7 - Copy\\src\\components\\Navbar.tsx": {"path":"C:\\Users\\USER\\Desktop\\Task7 - Copy\\src\\components\\Navbar.tsx","statementMap":{"0":{"start":{"line":3,"column":25},"end":{"line":14,"column":1}},"1":{"start":{"line":4,"column":2},"end":{"line":13,"column":4}}},"fnMap":{"0":{"name":"(anonymous_0)","decl":{"start":{"line":3,"column":25},"end":{"line":3,"column":26}},"loc":{"start":{"line":3,"column":31},"end":{"line":14,"column":1}},"line":3}},"branchMap":{},"s":{"0":1,"1":2},"f":{"0":2},"b":{},"_coverageSchema":"1a1c01bbd47fc00a2c39e90264f33305004495a9","hash":"4453d24b7fe1eead8805de6df346bb57b3bb360d"}
}
