{"C:\\Users\\USER\\Desktop\\Task7\\src\\App.tsx": {"path":"C:\\Users\\USER\\Desktop\\Task7\\src\\App.tsx","statementMap":{"0":{"start":{"line":8,"column":22},"end":{"line":24,"column":1}},"1":{"start":{"line":9,"column":2},"end":{"line":23,"column":4}}},"fnMap":{"0":{"name":"(anonymous_0)","decl":{"start":{"line":8,"column":22},"end":{"line":8,"column":23}},"loc":{"start":{"line":8,"column":28},"end":{"line":24,"column":1}},"line":8}},"branchMap":{},"s":{"0":1,"1":9},"f":{"0":9},"b":{},"_coverageSchema":"1a1c01bbd47fc00a2c39e90264f33305004495a9","hash":"10d2e1a06f0b8641b1b4fa1587e6374227333b94"}
,"C:\\Users\\USER\\Desktop\\Task7\\src\\main.tsx": {"path":"C:\\Users\\USER\\Desktop\\Task7\\src\\main.tsx","statementMap":{"0":{"start":{"line":6,"column":0},"end":{"line":10,"column":2}}},"fnMap":{},"branchMap":{},"s":{"0":1},"f":{},"b":{},"_coverageSchema":"1a1c01bbd47fc00a2c39e90264f33305004495a9","hash":"97a2fecb52775221f38fb8c5df3bbbc459810ade"}
,"C:\\Users\\USER\\Desktop\\Task7\\src\\components\\Footer.tsx": {"path":"C:\\Users\\USER\\Desktop\\Task7\\src\\components\\Footer.tsx","statementMap":{"0":{"start":{"line":1,"column":25},"end":{"line":7,"column":3}},"1":{"start":{"line":2,"column":4},"end":{"line":6,"column":6}}},"fnMap":{"0":{"name":"(anonymous_0)","decl":{"start":{"line":1,"column":25},"end":{"line":1,"column":26}},"loc":{"start":{"line":1,"column":31},"end":{"line":7,"column":3}},"line":1}},"branchMap":{},"s":{"0":1,"1":2},"f":{"0":2},"b":{},"_coverageSchema":"1a1c01bbd47fc00a2c39e90264f33305004495a9","hash":"bc8542277d32d65e7359605567d4b13dfc1ee849"}
,"C:\\Users\\USER\\Desktop\\Task7\\src\\components\\Navbar.tsx": {"path":"C:\\Users\\USER\\Desktop\\Task7\\src\\components\\Navbar.tsx","statementMap":{"0":{"start":{"line":3,"column":25},"end":{"line":14,"column":1}},"1":{"start":{"line":4,"column":2},"end":{"line":13,"column":4}}},"fnMap":{"0":{"name":"(anonymous_0)","decl":{"start":{"line":3,"column":25},"end":{"line":3,"column":26}},"loc":{"start":{"line":3,"column":31},"end":{"line":14,"column":1}},"line":3}},"branchMap":{},"s":{"0":1,"1":2},"f":{"0":2},"b":{},"_coverageSchema":"1a1c01bbd47fc00a2c39e90264f33305004495a9","hash":"fd394d0fe6a6d880233a75316726589f8d9a6d4f"}
}
